[INFO] Scanning for projects...
[INFO]
[INFO] ------------------< de.cuioss:cui-jwt-token-handling >------------------
[INFO] Building JWT Token Handling 1.0.0-SNAPSHOT
[INFO]   from pom.xml
[INFO] --------------------------------[ jar ]---------------------------------
[INFO]
[INFO] --- clean:3.4.1:clean (default-clean) @ cui-jwt-token-handling ---
[INFO] Deleting /home/oliver/git/cui-jwt-token-handling/target
[INFO]
[INFO] --- enforcer:3.5.0:enforce (mojo-enforcer-rules) @ cui-jwt-token-handling ---
[INFO] Rule 0: org.apache.maven.enforcer.rules.RequirePluginVersions passed
[INFO] Rule 1: org.apache.maven.enforcer.rules.version.RequireMavenVersion passed
[INFO] Rule 2: org.apache.maven.enforcer.rules.version.RequireJavaVersion passed
[INFO] Rule 3: org.codehaus.mojo.extraenforcer.model.RequirePropertyDiverges passed
[INFO] Rule 4: org.codehaus.mojo.extraenforcer.model.RequirePropertyDiverges passed
[INFO] Rule 5: org.apache.maven.enforcer.rules.RequireSameVersions passed
[INFO]
[INFO] --- buildnumber:3.2.1:create (create_buildNumber) @ cui-jwt-token-handling ---
[INFO] ShortRevision tag detected. The value is '7'.
[INFO] Executing: /bin/sh -c cd '/home/oliver/git/cui-jwt-token-handling' && 'git' 'log' '-1' '--no-merges' '--format=format:%H %aI %aE %aN'
[INFO] Working directory: /home/oliver/git/cui-jwt-token-handling
[INFO] Storing buildNumber: 91c9a2c at timestamp: 1745304511674
[INFO] Executing: /bin/sh -c cd '/home/oliver/git/cui-jwt-token-handling' && 'git' 'symbolic-ref' 'HEAD'
[INFO] Working directory: /home/oliver/git/cui-jwt-token-handling
[INFO] Storing scmBranch: main
[INFO]
[INFO] --- resources:3.3.1:resources (default-resources) @ cui-jwt-token-handling ---
[INFO] Copying 0 resource from src/main/resources to target/classes
[INFO]
[INFO] --- compiler:3.14.0:compile (default-compile) @ cui-jwt-token-handling ---
[INFO] Recompiling the module because of changed source code.
[INFO] Compiling 51 source files with javac [debug target 17] to target/classes
[WARNING] Systemmodulpfad nicht zusammen mit -source 17 festgelegt
[INFO]
[INFO] --- jandex:3.3.0:jandex (make-index) @ cui-jwt-token-handling ---
[INFO] Saving Jandex index: /home/oliver/git/cui-jwt-token-handling/target/classes/META-INF/jandex.idx
[INFO]
[INFO] --- resources:3.3.1:testResources (default-testResources) @ cui-jwt-token-handling ---
[INFO] Copying 13 resources from src/test/resources to target/test-classes
[INFO]
[INFO] --- compiler:3.14.0:testCompile (default-testCompile) @ cui-jwt-token-handling ---
[INFO] Recompiling the module because of changed dependency.
[INFO] Compiling 84 source files with javac [debug target 17] to target/test-classes
[WARNING] Systemmodulpfad nicht zusammen mit -source 17 festgelegt
[INFO]
[INFO] --- surefire:3.5.3:test (default-test) @ cui-jwt-token-handling ---
[INFO] Using auto detected provider org.apache.maven.surefire.junitplatform.JUnitPlatformProvider
[INFO]
[INFO] -------------------------------------------------------
[INFO]  T E S T S
[INFO] -------------------------------------------------------
[INFO] Running de.cuioss.jwt.token.TokenFactorySecurityEventTest
[INFO] Tests run: 6, Failures: 0, Errors: 0, Skipped: 0, Time elapsed: 0.481 s -- in de.cuioss.jwt.token.TokenFactorySecurityEventTest
[INFO] Running de.cuioss.jwt.token.jwks.JwksLoaderFactoryTest
[INFO] Tests run: 5, Failures: 0, Errors: 0, Skipped: 0, Time elapsed: 1.122 s -- in de.cuioss.jwt.token.jwks.JwksLoaderFactoryTest
[INFO] Running de.cuioss.jwt.token.jwks.FileJwksLoaderTest
[INFO] Tests run: 9, Failures: 0, Errors: 0, Skipped: 0, Time elapsed: 0.070 s -- in de.cuioss.jwt.token.jwks.FileJwksLoaderTest
[INFO] Running de.cuioss.jwt.token.jwks.JwksClientBenchmarkTest
[INFO] Tests run: 1, Failures: 0, Errors: 0, Skipped: 0, Time elapsed: 0.080 s -- in de.cuioss.jwt.token.jwks.JwksClientBenchmarkTest
[INFO] Running de.cuioss.jwt.token.jwks.http.JwksHttpClientTest
[INFO] Tests run: 6, Failures: 0, Errors: 0, Skipped: 0, Time elapsed: 0.043 s -- in de.cuioss.jwt.token.jwks.http.JwksHttpClientTest
[INFO] Running de.cuioss.jwt.token.jwks.http.HttpJwksLoaderCachingAndFallbackTest
[INFO] Running de.cuioss.jwt.token.jwks.http.HttpJwksLoaderCachingAndFallbackTest$FallbackMechanismTests
[INFO] Tests run: 3, Failures: 0, Errors: 0, Skipped: 0, Time elapsed: 0.028 s -- in de.cuioss.jwt.token.jwks.http.HttpJwksLoaderCachingAndFallbackTest$FallbackMechanismTests
[INFO] Running de.cuioss.jwt.token.jwks.http.HttpJwksLoaderCachingAndFallbackTest$ContentBasedCachingTests
[INFO] Tests run: 2, Failures: 0, Errors: 0, Skipped: 0, Time elapsed: 1.523 s -- in de.cuioss.jwt.token.jwks.http.HttpJwksLoaderCachingAndFallbackTest$ContentBasedCachingTests
[INFO] Running de.cuioss.jwt.token.jwks.http.HttpJwksLoaderCachingAndFallbackTest$Http304NotModifiedTests
[INFO] Tests run: 2, Failures: 0, Errors: 0, Skipped: 0, Time elapsed: 1.521 s -- in de.cuioss.jwt.token.jwks.http.HttpJwksLoaderCachingAndFallbackTest$Http304NotModifiedTests
[INFO] Tests run: 0, Failures: 0, Errors: 0, Skipped: 0, Time elapsed: 3.073 s -- in de.cuioss.jwt.token.jwks.http.HttpJwksLoaderCachingAndFallbackTest
[INFO] Running de.cuioss.jwt.token.jwks.http.JwksCacheManagerTest
[INFO] Tests run: 8, Failures: 0, Errors: 0, Skipped: 0, Time elapsed: 0.115 s -- in de.cuioss.jwt.token.jwks.http.JwksCacheManagerTest
[INFO] Running de.cuioss.jwt.token.jwks.http.HttpJwksLoaderTest
[INFO] Tests run: 11, Failures: 0, Errors: 0, Skipped: 0, Time elapsed: 0.108 s -- in de.cuioss.jwt.token.jwks.http.HttpJwksLoaderTest
[INFO] Running de.cuioss.jwt.token.jwks.http.BackgroundRefreshManagerTest
[INFO] Tests run: 6, Failures: 0, Errors: 0, Skipped: 0, Time elapsed: 0.011 s -- in de.cuioss.jwt.token.jwks.http.BackgroundRefreshManagerTest
[INFO] Running de.cuioss.jwt.token.jwks.http.HttpJwksLoaderConfigTest
[INFO] Tests run: 13, Failures: 0, Errors: 0, Skipped: 0, Time elapsed: 0.026 s -- in de.cuioss.jwt.token.jwks.http.HttpJwksLoaderConfigTest
[INFO] Running de.cuioss.jwt.token.jwks.http.HttpJwksLoaderPerformanceTest
[INFO] Tests run: 1, Failures: 0, Errors: 0, Skipped: 0, Time elapsed: 49.05 s -- in de.cuioss.jwt.token.jwks.http.HttpJwksLoaderPerformanceTest
[INFO] Running de.cuioss.jwt.token.jwks.InMemoryJwksLoaderTest
[INFO] Tests run: 9, Failures: 0, Errors: 0, Skipped: 0, Time elapsed: 0.017 s -- in de.cuioss.jwt.token.jwks.InMemoryJwksLoaderTest
[INFO] Running de.cuioss.jwt.token.jwks.key.JWKSKeyLoaderTest
[INFO] Running de.cuioss.jwt.token.jwks.key.JWKSKeyLoaderTest$EqualsAndHashCodeTests
[INFO] Tests run: 3, Failures: 0, Errors: 0, Skipped: 0, Time elapsed: 0.005 s -- in de.cuioss.jwt.token.jwks.key.JWKSKeyLoaderTest$EqualsAndHashCodeTests
[INFO] Running de.cuioss.jwt.token.jwks.key.JWKSKeyLoaderTest$NewFeaturesTests
[INFO] Tests run: 5, Failures: 0, Errors: 0, Skipped: 0, Time elapsed: 0.011 s -- in de.cuioss.jwt.token.jwks.key.JWKSKeyLoaderTest$NewFeaturesTests
[INFO] Running de.cuioss.jwt.token.jwks.key.JWKSKeyLoaderTest$ErrorHandlingTests
[INFO] Tests run: 4, Failures: 0, Errors: 0, Skipped: 0, Time elapsed: 0.010 s -- in de.cuioss.jwt.token.jwks.key.JWKSKeyLoaderTest$ErrorHandlingTests
[INFO] Running de.cuioss.jwt.token.jwks.key.JWKSKeyLoaderTest$BasicFunctionalityTests
[INFO] Tests run: 3, Failures: 0, Errors: 0, Skipped: 0, Time elapsed: 0.006 s -- in de.cuioss.jwt.token.jwks.key.JWKSKeyLoaderTest$BasicFunctionalityTests
[INFO] Tests run: 0, Failures: 0, Errors: 0, Skipped: 0, Time elapsed: 0.033 s -- in de.cuioss.jwt.token.jwks.key.JWKSKeyLoaderTest
[INFO] Running de.cuioss.jwt.token.jwks.key.JwkKeyConstantsTest
[INFO] Running de.cuioss.jwt.token.jwks.key.JwkKeyConstantsTest$CurveTests
[INFO] Tests run: 2, Failures: 0, Errors: 0, Skipped: 0, Time elapsed: 0.012 s -- in de.cuioss.jwt.token.jwks.key.JwkKeyConstantsTest$CurveTests
[INFO] Running de.cuioss.jwt.token.jwks.key.JwkKeyConstantsTest$YCoordinateTests
[INFO] Tests run: 2, Failures: 0, Errors: 0, Skipped: 0, Time elapsed: 0.008 s -- in de.cuioss.jwt.token.jwks.key.JwkKeyConstantsTest$YCoordinateTests
[INFO] Running de.cuioss.jwt.token.jwks.key.JwkKeyConstantsTest$XCoordinateTests
[INFO] Tests run: 2, Failures: 0, Errors: 0, Skipped: 0, Time elapsed: 0.007 s -- in de.cuioss.jwt.token.jwks.key.JwkKeyConstantsTest$XCoordinateTests
[INFO] Running de.cuioss.jwt.token.jwks.key.JwkKeyConstantsTest$KeyIdTests
[INFO] Tests run: 2, Failures: 0, Errors: 0, Skipped: 0, Time elapsed: 0.006 s -- in de.cuioss.jwt.token.jwks.key.JwkKeyConstantsTest$KeyIdTests
[INFO] Running de.cuioss.jwt.token.jwks.key.JwkKeyConstantsTest$AlgorithmTests
[INFO] Tests run: 2, Failures: 0, Errors: 0, Skipped: 0, Time elapsed: 0.006 s -- in de.cuioss.jwt.token.jwks.key.JwkKeyConstantsTest$AlgorithmTests
[INFO] Running de.cuioss.jwt.token.jwks.key.JwkKeyConstantsTest$KeysTests
[INFO] Tests run: 2, Failures: 0, Errors: 0, Skipped: 0, Time elapsed: 0.007 s -- in de.cuioss.jwt.token.jwks.key.JwkKeyConstantsTest$KeysTests
[INFO] Running de.cuioss.jwt.token.jwks.key.JwkKeyConstantsTest$ExponentTests
[INFO] Tests run: 2, Failures: 0, Errors: 0, Skipped: 0, Time elapsed: 0.005 s -- in de.cuioss.jwt.token.jwks.key.JwkKeyConstantsTest$ExponentTests
[INFO] Running de.cuioss.jwt.token.jwks.key.JwkKeyConstantsTest$ModulusTests
[INFO] Tests run: 2, Failures: 0, Errors: 0, Skipped: 0, Time elapsed: 0.006 s -- in de.cuioss.jwt.token.jwks.key.JwkKeyConstantsTest$ModulusTests
[INFO] Running de.cuioss.jwt.token.jwks.key.JwkKeyConstantsTest$KeyTypeTests
[INFO] Tests run: 2, Failures: 0, Errors: 0, Skipped: 0, Time elapsed: 0.007 s -- in de.cuioss.jwt.token.jwks.key.JwkKeyConstantsTest$KeyTypeTests
[INFO] Tests run: 0, Failures: 0, Errors: 0, Skipped: 0, Time elapsed: 0.070 s -- in de.cuioss.jwt.token.jwks.key.JwkKeyConstantsTest
[INFO] Running de.cuioss.jwt.token.jwks.key.JwkKeyHandlerTest
[INFO] Tests run: 17, Failures: 0, Errors: 0, Skipped: 0, Time elapsed: 0.153 s -- in de.cuioss.jwt.token.jwks.key.JwkKeyHandlerTest
[INFO] Running de.cuioss.jwt.token.security.BouncyCastleProviderSingletonTest
[INFO] Tests run: 5, Failures: 0, Errors: 0, Skipped: 0, Time elapsed: 0.002 s -- in de.cuioss.jwt.token.security.BouncyCastleProviderSingletonTest
[INFO] Running de.cuioss.jwt.token.security.TokenCrackingResistanceTest
[INFO] Tests run: 10, Failures: 0, Errors: 0, Skipped: 0, Time elapsed: 0.031 s -- in de.cuioss.jwt.token.security.TokenCrackingResistanceTest
[INFO] Running de.cuioss.jwt.token.security.SecurityEventCounterTest
[INFO] Tests run: 6, Failures: 0, Errors: 0, Skipped: 0, Time elapsed: 0.006 s -- in de.cuioss.jwt.token.security.SecurityEventCounterTest
[INFO] Running de.cuioss.jwt.token.security.SecureSSLContextProviderTest
[INFO] Tests run: 20, Failures: 0, Errors: 0, Skipped: 0, Time elapsed: 0.020 s -- in de.cuioss.jwt.token.security.SecureSSLContextProviderTest
[INFO] Running de.cuioss.jwt.token.security.KeyDisclosureVulnerabilityTest
[INFO] Tests run: 7, Failures: 0, Errors: 0, Skipped: 0, Time elapsed: 0.015 s -- in de.cuioss.jwt.token.security.KeyDisclosureVulnerabilityTest
[INFO] Running de.cuioss.jwt.token.security.AlgorithmPreferencesTest
[INFO] Running de.cuioss.jwt.token.security.AlgorithmPreferencesTest$GetMostPreferredAlgorithmTests
[INFO] Tests run: 6, Failures: 0, Errors: 0, Skipped: 0, Time elapsed: 0.005 s -- in de.cuioss.jwt.token.security.AlgorithmPreferencesTest$GetMostPreferredAlgorithmTests
[INFO] Running de.cuioss.jwt.token.security.AlgorithmPreferencesTest$IsSupportedTests
[INFO] Tests run: 17, Failures: 0, Errors: 0, Skipped: 0, Time elapsed: 0.015 s -- in de.cuioss.jwt.token.security.AlgorithmPreferencesTest$IsSupportedTests
[INFO] Running de.cuioss.jwt.token.security.AlgorithmPreferencesTest$GetDefaultPreferredAlgorithmsTests
[INFO] Tests run: 1, Failures: 0, Errors: 0, Skipped: 0, Time elapsed: 0.001 s -- in de.cuioss.jwt.token.security.AlgorithmPreferencesTest$GetDefaultPreferredAlgorithmsTests
[INFO] Running de.cuioss.jwt.token.security.AlgorithmPreferencesTest$ConstructorTests
[INFO] Tests run: 3, Failures: 0, Errors: 0, Skipped: 0, Time elapsed: 0.004 s -- in de.cuioss.jwt.token.security.AlgorithmPreferencesTest$ConstructorTests
[INFO] Tests run: 0, Failures: 0, Errors: 0, Skipped: 0, Time elapsed: 0.027 s -- in de.cuioss.jwt.token.security.AlgorithmPreferencesTest
[INFO] Running de.cuioss.jwt.token.ClientConfusionAttackTest
[INFO] Tests run: 6, Failures: 0, Errors: 0, Skipped: 0, Time elapsed: 0.075 s -- in de.cuioss.jwt.token.ClientConfusionAttackTest
[INFO] Running de.cuioss.jwt.token.domain.token.AccessTokenContentTest
[INFO] Tests run: 17, Failures: 0, Errors: 0, Skipped: 0, Time elapsed: 0.022 s -- in de.cuioss.jwt.token.domain.token.AccessTokenContentTest
[INFO] Running de.cuioss.jwt.token.domain.token.BaseTokenContentTest
[INFO] Tests run: 4, Failures: 0, Errors: 0, Skipped: 0, Time elapsed: 0.007 s -- in de.cuioss.jwt.token.domain.token.BaseTokenContentTest
[INFO] Running de.cuioss.jwt.token.domain.token.RefreshTokenContentTest
[INFO] Tests run: 6, Failures: 0, Errors: 0, Skipped: 0, Time elapsed: 0.021 s -- in de.cuioss.jwt.token.domain.token.RefreshTokenContentTest
[INFO] Running de.cuioss.jwt.token.domain.token.IdTokenContentTest
[INFO] Tests run: 7, Failures: 0, Errors: 0, Skipped: 0, Time elapsed: 0.008 s -- in de.cuioss.jwt.token.domain.token.IdTokenContentTest
[INFO] Running de.cuioss.jwt.token.domain.claim.mapper.OffsetDateTimeMapperTest
[INFO] Tests run: 20, Failures: 0, Errors: 0, Skipped: 0, Time elapsed: 0.027 s -- in de.cuioss.jwt.token.domain.claim.mapper.OffsetDateTimeMapperTest
[INFO] Running de.cuioss.jwt.token.domain.claim.mapper.JsonCollectionMapperTest
[INFO] Tests run: 14, Failures: 0, Errors: 0, Skipped: 0, Time elapsed: 0.017 s -- in de.cuioss.jwt.token.domain.claim.mapper.JsonCollectionMapperTest
[INFO] Running de.cuioss.jwt.token.domain.claim.mapper.IdentityMapperTest
[INFO] Tests run: 12, Failures: 0, Errors: 0, Skipped: 0, Time elapsed: 0.014 s -- in de.cuioss.jwt.token.domain.claim.mapper.IdentityMapperTest
[INFO] Running de.cuioss.jwt.token.domain.claim.mapper.ScopeMapperTest
[INFO] Tests run: 15, Failures: 0, Errors: 0, Skipped: 0, Time elapsed: 0.010 s -- in de.cuioss.jwt.token.domain.claim.mapper.ScopeMapperTest
[INFO] Running de.cuioss.jwt.token.domain.claim.mapper.ClaimMapperUtilsTest
[INFO] Tests run: 19, Failures: 0, Errors: 0, Skipped: 0, Time elapsed: 0.014 s -- in de.cuioss.jwt.token.domain.claim.mapper.ClaimMapperUtilsTest
[INFO] Running de.cuioss.jwt.token.domain.claim.ClaimValueTypeTest
[INFO] Tests run: 4, Failures: 0, Errors: 0, Skipped: 0, Time elapsed: 0.002 s -- in de.cuioss.jwt.token.domain.claim.ClaimValueTypeTest
[INFO] Running de.cuioss.jwt.token.domain.claim.ClaimValueTest
[INFO] Tests run: 12, Failures: 0, Errors: 0, Skipped: 0, Time elapsed: 0.010 s -- in de.cuioss.jwt.token.domain.claim.ClaimValueTest
[INFO] Running de.cuioss.jwt.token.domain.claim.ClaimNameTest
[INFO] Tests run: 26, Failures: 0, Errors: 0, Skipped: 0, Time elapsed: 0.018 s -- in de.cuioss.jwt.token.domain.claim.ClaimNameTest
[INFO] Running de.cuioss.jwt.token.OpenIDConnectComplianceTest
[INFO] Running de.cuioss.jwt.token.OpenIDConnectComplianceTest$StandardClaimsTests
[INFO] Tests run: 3, Failures: 0, Errors: 0, Skipped: 0, Time elapsed: 0.011 s -- in de.cuioss.jwt.token.OpenIDConnectComplianceTest$StandardClaimsTests
[INFO] Running de.cuioss.jwt.token.OpenIDConnectComplianceTest$IdTokenTests
[INFO] Tests run: 8, Failures: 0, Errors: 0, Skipped: 0, Time elapsed: 0.025 s -- in de.cuioss.jwt.token.OpenIDConnectComplianceTest$IdTokenTests
[INFO] Tests run: 0, Failures: 0, Errors: 0, Skipped: 0, Time elapsed: 0.037 s -- in de.cuioss.jwt.token.OpenIDConnectComplianceTest
[INFO] Running de.cuioss.jwt.token.CustomClaimMapperTest
[INFO] Tests run: 2, Failures: 0, Errors: 0, Skipped: 0, Time elapsed: 0.009 s -- in de.cuioss.jwt.token.CustomClaimMapperTest
[INFO] Running de.cuioss.jwt.token.TokenFactoryTest
[INFO] Running de.cuioss.jwt.token.TokenFactoryTest$TokenValidationErrorTests
[INFO] Tests run: 3, Failures: 0, Errors: 0, Skipped: 0, Time elapsed: 0.006 s -- in de.cuioss.jwt.token.TokenFactoryTest$TokenValidationErrorTests
[INFO] Running de.cuioss.jwt.token.TokenFactoryTest$TokenSizeValidationTests
[INFO] Tests run: 2, Failures: 0, Errors: 0, Skipped: 0, Time elapsed: 0.011 s -- in de.cuioss.jwt.token.TokenFactoryTest$TokenSizeValidationTests
[INFO] Running de.cuioss.jwt.token.TokenFactoryTest$TokenCreationTests
[INFO] Tests run: 4, Failures: 0, Errors: 0, Skipped: 0, Time elapsed: 0.021 s -- in de.cuioss.jwt.token.TokenFactoryTest$TokenCreationTests
[INFO] Tests run: 0, Failures: 0, Errors: 0, Skipped: 0, Time elapsed: 0.041 s -- in de.cuioss.jwt.token.TokenFactoryTest
[INFO] Running de.cuioss.jwt.token.flow.IssuerConfigTest
[INFO] Tests run: 2, Failures: 0, Errors: 0, Skipped: 0, Time elapsed: 0.008 s -- in de.cuioss.jwt.token.flow.IssuerConfigTest
[INFO] Running de.cuioss.jwt.token.flow.TokenBuilderTest
[INFO] Running de.cuioss.jwt.token.flow.TokenBuilderTest$RefreshTokenClaimsTests
[INFO] Tests run: 2, Failures: 0, Errors: 0, Skipped: 0, Time elapsed: 0.003 s -- in de.cuioss.jwt.token.flow.TokenBuilderTest$RefreshTokenClaimsTests
[INFO] Running de.cuioss.jwt.token.flow.TokenBuilderTest$IdTokenTests
[INFO] Tests run: 2, Failures: 0, Errors: 0, Skipped: 0, Time elapsed: 0.007 s -- in de.cuioss.jwt.token.flow.TokenBuilderTest$IdTokenTests
[INFO] Running de.cuioss.jwt.token.flow.TokenBuilderTest$AccessTokenTests
[INFO] Tests run: 2, Failures: 0, Errors: 0, Skipped: 0, Time elapsed: 0.002 s -- in de.cuioss.jwt.token.flow.TokenBuilderTest$AccessTokenTests
[INFO] Tests run: 0, Failures: 0, Errors: 0, Skipped: 0, Time elapsed: 0.015 s -- in de.cuioss.jwt.token.flow.TokenBuilderTest
[INFO] Running de.cuioss.jwt.token.flow.TokenSignatureValidatorTest
[INFO] Tests run: 6, Failures: 0, Errors: 0, Skipped: 0, Time elapsed: 0.030 s -- in de.cuioss.jwt.token.flow.TokenSignatureValidatorTest
[INFO] Running de.cuioss.jwt.token.flow.TokenClaimValidatorTest
[INFO] Running de.cuioss.jwt.token.flow.TokenClaimValidatorTest$AuthorizedPartyValidationTests
[INFO] Tests run: 2, Failures: 0, Errors: 0, Skipped: 0, Time elapsed: 0.002 s -- in de.cuioss.jwt.token.flow.TokenClaimValidatorTest$AuthorizedPartyValidationTests
[INFO] Running de.cuioss.jwt.token.flow.TokenClaimValidatorTest$AudienceValidationTests
[INFO] Tests run: 3, Failures: 0, Errors: 0, Skipped: 0, Time elapsed: 0.003 s -- in de.cuioss.jwt.token.flow.TokenClaimValidatorTest$AudienceValidationTests
[INFO] Running de.cuioss.jwt.token.flow.TokenClaimValidatorTest$MandatoryClaimsValidationTests
[INFO] Tests run: 2, Failures: 0, Errors: 0, Skipped: 0, Time elapsed: 0.001 s -- in de.cuioss.jwt.token.flow.TokenClaimValidatorTest$MandatoryClaimsValidationTests
[INFO] Running de.cuioss.jwt.token.flow.TokenClaimValidatorTest$ConstructorTests
[INFO] Tests run: 4, Failures: 0, Errors: 0, Skipped: 0, Time elapsed: 0.001 s -- in de.cuioss.jwt.token.flow.TokenClaimValidatorTest$ConstructorTests
[INFO] Tests run: 0, Failures: 0, Errors: 0, Skipped: 0, Time elapsed: 0.009 s -- in de.cuioss.jwt.token.flow.TokenClaimValidatorTest
[INFO] Running de.cuioss.jwt.token.flow.TokenFactoryConfigTest
[INFO] Tests run: 4, Failures: 0, Errors: 0, Skipped: 0, Time elapsed: 0.001 s -- in de.cuioss.jwt.token.flow.TokenFactoryConfigTest
[INFO] Running de.cuioss.jwt.token.flow.TokenClaimValidatorEdgeCaseTest
[INFO] Running de.cuioss.jwt.token.flow.TokenClaimValidatorEdgeCaseTest$NetworkFailureSimulationTests
[INFO] Tests run: 1, Failures: 0, Errors: 0, Skipped: 0, Time elapsed: 0.003 s -- in de.cuioss.jwt.token.flow.TokenClaimValidatorEdgeCaseTest$NetworkFailureSimulationTests
[INFO] Running de.cuioss.jwt.token.flow.TokenClaimValidatorEdgeCaseTest$NotBeforeTimeEdgeCaseTests
[INFO] Tests run: 3, Failures: 0, Errors: 0, Skipped: 0, Time elapsed: 0.002 s -- in de.cuioss.jwt.token.flow.TokenClaimValidatorEdgeCaseTest$NotBeforeTimeEdgeCaseTests
[INFO] Running de.cuioss.jwt.token.flow.TokenClaimValidatorEdgeCaseTest$TokenExpirationEdgeCaseTests
[INFO] Tests run: 2, Failures: 0, Errors: 0, Skipped: 0, Time elapsed: 0.002 s -- in de.cuioss.jwt.token.flow.TokenClaimValidatorEdgeCaseTest$TokenExpirationEdgeCaseTests
[INFO] Tests run: 0, Failures: 0, Errors: 0, Skipped: 0, Time elapsed: 0.010 s -- in de.cuioss.jwt.token.flow.TokenClaimValidatorEdgeCaseTest
[INFO] Running de.cuioss.jwt.token.flow.TokenHeaderValidatorTest
[INFO] Running de.cuioss.jwt.token.flow.TokenHeaderValidatorTest$IssuerValidationTests
[INFO] Tests run: 4, Failures: 0, Errors: 0, Skipped: 0, Time elapsed: 0.007 s -- in de.cuioss.jwt.token.flow.TokenHeaderValidatorTest$IssuerValidationTests
[INFO] Running de.cuioss.jwt.token.flow.TokenHeaderValidatorTest$AlgorithmValidationTests
[INFO] Tests run: 3, Failures: 0, Errors: 0, Skipped: 0, Time elapsed: 0.004 s -- in de.cuioss.jwt.token.flow.TokenHeaderValidatorTest$AlgorithmValidationTests
[INFO] Running de.cuioss.jwt.token.flow.TokenHeaderValidatorTest$IssuerConfigConfigurationTests
[INFO] Tests run: 2, Failures: 0, Errors: 0, Skipped: 0, Time elapsed: 0.001 s -- in de.cuioss.jwt.token.flow.TokenHeaderValidatorTest$IssuerConfigConfigurationTests
[INFO] Tests run: 0, Failures: 0, Errors: 0, Skipped: 0, Time elapsed: 0.013 s -- in de.cuioss.jwt.token.flow.TokenHeaderValidatorTest
[INFO] Running de.cuioss.jwt.token.flow.NonValidatingJwtParserTest
[INFO] Running de.cuioss.jwt.token.flow.NonValidatingJwtParserTest$SecurityMeasuresTest
[INFO] Tests run: 4, Failures: 0, Errors: 0, Skipped: 0, Time elapsed: 0.005 s -- in de.cuioss.jwt.token.flow.NonValidatingJwtParserTest$SecurityMeasuresTest
[INFO] Running de.cuioss.jwt.token.flow.NonValidatingJwtParserTest$BuilderTests
[INFO] Tests run: 1, Failures: 0, Errors: 0, Skipped: 0, Time elapsed: 0 s -- in de.cuioss.jwt.token.flow.NonValidatingJwtParserTest$BuilderTests
[INFO] Running de.cuioss.jwt.token.flow.NonValidatingJwtParserTest$TokenSizeTests
[INFO] Tests run: 2, Failures: 0, Errors: 0, Skipped: 0, Time elapsed: 0.001 s -- in de.cuioss.jwt.token.flow.NonValidatingJwtParserTest$TokenSizeTests
[INFO] Running de.cuioss.jwt.token.flow.NonValidatingJwtParserTest$MissingFieldTests
[INFO] Tests run: 2, Failures: 0, Errors: 0, Skipped: 0, Time elapsed: 0.005 s -- in de.cuioss.jwt.token.flow.NonValidatingJwtParserTest$MissingFieldTests
[INFO] Running de.cuioss.jwt.token.flow.NonValidatingJwtParserTest$InvalidTokenTests
[INFO] Tests run: 5, Failures: 0, Errors: 0, Skipped: 0, Time elapsed: 0.011 s -- in de.cuioss.jwt.token.flow.NonValidatingJwtParserTest$InvalidTokenTests
[INFO] Running de.cuioss.jwt.token.flow.NonValidatingJwtParserTest$ValidTokenTests
[INFO] Tests run: 1, Failures: 0, Errors: 0, Skipped: 0, Time elapsed: 0 s -- in de.cuioss.jwt.token.flow.NonValidatingJwtParserTest$ValidTokenTests
[INFO] Tests run: 0, Failures: 0, Errors: 0, Skipped: 0, Time elapsed: 0.027 s -- in de.cuioss.jwt.token.flow.NonValidatingJwtParserTest
[INFO] Running de.cuioss.jwt.token.flow.DecodedJwtTest
[INFO] Tests run: 6, Failures: 0, Errors: 0, Skipped: 0, Time elapsed: 0.008 s -- in de.cuioss.jwt.token.flow.DecodedJwtTest
[INFO] Running de.cuioss.jwt.token.JWTTokenLogMessagesTest
[INFO] Tests run: 5, Failures: 0, Errors: 0, Skipped: 0, Time elapsed: 0.004 s -- in de.cuioss.jwt.token.JWTTokenLogMessagesTest
[INFO] Running de.cuioss.jwt.token.TokenKeycloakITTest
[INFO] Running de.cuioss.jwt.token.TokenKeycloakITTest$RefreshTokenTests
[INFO] Tests run: 1, Failures: 0, Errors: 0, Skipped: 0, Time elapsed: 21.41 s -- in de.cuioss.jwt.token.TokenKeycloakITTest$RefreshTokenTests
[INFO] Running de.cuioss.jwt.token.TokenKeycloakITTest$IdTokenTests
[INFO] Tests run: 1, Failures: 0, Errors: 0, Skipped: 0, Time elapsed: 18.54 s -- in de.cuioss.jwt.token.TokenKeycloakITTest$IdTokenTests
[INFO] Running de.cuioss.jwt.token.TokenKeycloakITTest$AccessTokenTests
[INFO] Tests run: 1, Failures: 0, Errors: 0, Skipped: 0, Time elapsed: 19.43 s -- in de.cuioss.jwt.token.TokenKeycloakITTest$AccessTokenTests
[INFO] Tests run: 0, Failures: 0, Errors: 0, Skipped: 0, Time elapsed: 59.38 s -- in de.cuioss.jwt.token.TokenKeycloakITTest
[INFO] Running de.cuioss.jwt.token.TokenFactoryPerformanceTest
[INFO] Tests run: 4, Failures: 0, Errors: 0, Skipped: 0, Time elapsed: 1.945 s -- in de.cuioss.jwt.token.TokenFactoryPerformanceTest
[INFO] Running de.cuioss.jwt.token.TokenTypeTest
[INFO] Tests run: 9, Failures: 0, Errors: 0, Skipped: 0, Time elapsed: 0.013 s -- in de.cuioss.jwt.token.TokenTypeTest
[INFO] Running de.cuioss.jwt.token.RFC7519JWTComplianceTest
[INFO] Running de.cuioss.jwt.token.RFC7519JWTComplianceTest$JwtClaimsSetTests
[INFO] Tests run: 2, Failures: 0, Errors: 0, Skipped: 0, Time elapsed: 0.006 s -- in de.cuioss.jwt.token.RFC7519JWTComplianceTest$JwtClaimsSetTests
[INFO] Running de.cuioss.jwt.token.RFC7519JWTComplianceTest$TokenValidationTests
[INFO] Tests run: 4, Failures: 0, Errors: 0, Skipped: 0, Time elapsed: 0.019 s -- in de.cuioss.jwt.token.RFC7519JWTComplianceTest$TokenValidationTests
[INFO] Running de.cuioss.jwt.token.RFC7519JWTComplianceTest$JwtFormatAndProcessingTests
[INFO] Tests run: 3, Failures: 0, Errors: 0, Skipped: 0, Time elapsed: 0.012 s -- in de.cuioss.jwt.token.RFC7519JWTComplianceTest$JwtFormatAndProcessingTests
[INFO] Running de.cuioss.jwt.token.RFC7519JWTComplianceTest$RegisteredClaimNamesTests
[INFO] Tests run: 7, Failures: 0, Errors: 0, Skipped: 0, Time elapsed: 0.018 s -- in de.cuioss.jwt.token.RFC7519JWTComplianceTest$RegisteredClaimNamesTests
[INFO] Tests run: 0, Failures: 0, Errors: 0, Skipped: 0, Time elapsed: 0.057 s -- in de.cuioss.jwt.token.RFC7519JWTComplianceTest
[INFO] Running de.cuioss.jwt.token.OAuth2JWTBestPracticesComplianceTest
[INFO] Running de.cuioss.jwt.token.OAuth2JWTBestPracticesComplianceTest$TokenSizeTests
[INFO] Tests run: 2, Failures: 0, Errors: 0, Skipped: 0, Time elapsed: 0.004 s -- in de.cuioss.jwt.token.OAuth2JWTBestPracticesComplianceTest$TokenSizeTests
[INFO] Running de.cuioss.jwt.token.OAuth2JWTBestPracticesComplianceTest$TokenLifetimeTests
[INFO] Tests run: 2, Failures: 0, Errors: 0, Skipped: 0, Time elapsed: 0.009 s -- in de.cuioss.jwt.token.OAuth2JWTBestPracticesComplianceTest$TokenLifetimeTests
[INFO] Running de.cuioss.jwt.token.OAuth2JWTBestPracticesComplianceTest$SignatureValidationTests
[INFO] Tests run: 101, Failures: 0, Errors: 0, Skipped: 0, Time elapsed: 0.291 s -- in de.cuioss.jwt.token.OAuth2JWTBestPracticesComplianceTest$SignatureValidationTests
[INFO] Running de.cuioss.jwt.token.OAuth2JWTBestPracticesComplianceTest$IssuerValidationTests
[INFO] Tests run: 2, Failures: 0, Errors: 0, Skipped: 0, Time elapsed: 0.004 s -- in de.cuioss.jwt.token.OAuth2JWTBestPracticesComplianceTest$IssuerValidationTests
[INFO] Running de.cuioss.jwt.token.OAuth2JWTBestPracticesComplianceTest$AudienceValidationTests
[INFO] Tests run: 2, Failures: 0, Errors: 0, Skipped: 0, Time elapsed: 0.005 s -- in de.cuioss.jwt.token.OAuth2JWTBestPracticesComplianceTest$AudienceValidationTests
[INFO] Tests run: 0, Failures: 0, Errors: 0, Skipped: 0, Time elapsed: 0.315 s -- in de.cuioss.jwt.token.OAuth2JWTBestPracticesComplianceTest
[INFO] Running de.cuioss.jwt.token.test.KeyMaterialHandlerTest
[INFO] Tests run: 3, Failures: 0, Errors: 0, Skipped: 0, Time elapsed: 0.036 s -- in de.cuioss.jwt.token.test.KeyMaterialHandlerTest
[INFO] Running de.cuioss.jwt.token.test.TestTokenProducer
[INFO] Tests run: 1, Failures: 0, Errors: 0, Skipped: 0, Time elapsed: 0.006 s -- in de.cuioss.jwt.token.test.TestTokenProducer
[INFO] Running de.cuioss.jwt.token.test.generator.InvalidTokenContentGeneratorTest
[INFO] Tests run: 11, Failures: 0, Errors: 0, Skipped: 0, Time elapsed: 0.008 s -- in de.cuioss.jwt.token.test.generator.InvalidTokenContentGeneratorTest
[INFO] Running de.cuioss.jwt.token.test.generator.DecodedJwtGeneratorTest
[INFO] Tests run: 7, Failures: 0, Errors: 0, Skipped: 0, Time elapsed: 0.012 s -- in de.cuioss.jwt.token.test.generator.DecodedJwtGeneratorTest
[INFO] Running de.cuioss.jwt.token.test.generator.InvalidDecodedJwtGeneratorTest
[INFO] Tests run: 15, Failures: 0, Errors: 0, Skipped: 0, Time elapsed: 0.019 s -- in de.cuioss.jwt.token.test.generator.InvalidDecodedJwtGeneratorTest
[INFO] Running de.cuioss.jwt.token.test.generator.ValidTokenContentGeneratorTest
[INFO] Tests run: 4, Failures: 0, Errors: 0, Skipped: 0, Time elapsed: 0.003 s -- in de.cuioss.jwt.token.test.generator.ValidTokenContentGeneratorTest
[INFO] Running de.cuioss.jwt.token.test.generator.ClaimValueGeneratorTest
[INFO] Tests run: 4, Failures: 0, Errors: 0, Skipped: 0, Time elapsed: 0.006 s -- in de.cuioss.jwt.token.test.generator.ClaimValueGeneratorTest
[INFO] Running de.cuioss.jwt.token.test.JwtTokenTamperingUtilTest
[INFO] Tests run: 19, Failures: 0, Errors: 0, Skipped: 0, Time elapsed: 0.048 s -- in de.cuioss.jwt.token.test.JwtTokenTamperingUtilTest
[INFO] Running de.cuioss.jwt.token.test.TestTokenProducerTest
[INFO] Tests run: 8, Failures: 0, Errors: 0, Skipped: 0, Time elapsed: 0.015 s -- in de.cuioss.jwt.token.test.TestTokenProducerTest
[INFO]
[INFO] Results:
[INFO]
[INFO] Tests run: 674, Failures: 0, Errors: 0, Skipped: 0
[INFO]
[INFO]
[INFO] --- jar:3.4.2:jar (default-jar) @ cui-jwt-token-handling ---
[INFO] Building jar: /home/oliver/git/cui-jwt-token-handling/target/cui-jwt-token-handling-1.0.0-SNAPSHOT.jar
[INFO]
[INFO] --- javadoc:3.11.2:jar (attach-javadocs) @ cui-jwt-token-handling ---
[INFO] No previous run data found, generating javadoc.
[WARNING] Javadoc Warnings
[WARNING] /home/oliver/git/cui-jwt-token-handling/src/main/java/de/cuioss/jwt/token/TokenType.java:42: warning: empty <p> tag
[WARNING] * <p>
[WARNING] ^
[WARNING] /home/oliver/git/cui-jwt-token-handling/src/main/java/de/cuioss/jwt/token/flow/IssuerConfig.java:43: warning: reference not found: #getJwksLoader()
[WARNING] * and can be accessed through the {@link #getJwksLoader()} method.
[WARNING] ^
[WARNING] /home/oliver/git/cui-jwt-token-handling/src/main/java/de/cuioss/jwt/token/jwks/package-info.java:27: warning: reference not found: de.cuioss.jwt.token.jwks.HttpJwksLoader
[WARNING] *   <li>{@link de.cuioss.jwt.token.jwks.HttpJwksLoader} - Implementation that loads JWKS from an HTTP endpoint</li>
[WARNING] ^
[WARNING] /home/oliver/git/cui-jwt-token-handling/src/main/java/de/cuioss/jwt/token/security/package-info.java:42: warning: reference not found: de.cuioss.jwt.token.jwks.HttpJwksLoader
[WARNING] * @see de.cuioss.jwt.token.jwks.HttpJwksLoader
[WARNING] ^
[WARNING] 4 warnings
[INFO] Building jar: /home/oliver/git/cui-jwt-token-handling/target/cui-jwt-token-handling-1.0.0-SNAPSHOT-javadoc.jar
[INFO]
[INFO] --- install:3.1.4:install (default-install) @ cui-jwt-token-handling ---
[INFO] Installing /home/oliver/git/cui-jwt-token-handling/pom.xml to /home/oliver/.m2/repository/de/cuioss/cui-jwt-token-handling/1.0.0-SNAPSHOT/cui-jwt-token-handling-1.0.0-SNAPSHOT.pom
[INFO] Installing /home/oliver/git/cui-jwt-token-handling/target/cui-jwt-token-handling-1.0.0-SNAPSHOT.jar to /home/oliver/.m2/repository/de/cuioss/cui-jwt-token-handling/1.0.0-SNAPSHOT/cui-jwt-token-handling-1.0.0-SNAPSHOT.jar
[INFO] Installing /home/oliver/git/cui-jwt-token-handling/target/cui-jwt-token-handling-1.0.0-SNAPSHOT-javadoc.jar to /home/oliver/.m2/repository/de/cuioss/cui-jwt-token-handling/1.0.0-SNAPSHOT/cui-jwt-token-handling-1.0.0-SNAPSHOT-javadoc.jar
[INFO] ------------------------------------------------------------------------
[INFO] BUILD SUCCESS
[INFO] ------------------------------------------------------------------------
[INFO] Total time:  02:07 min
[INFO] Finished at: 2025-04-22T08:50:37+02:00
[INFO] ------------------------------------------------------------------------